<?xml version="1.0" encoding="UTF-8"?>
<testsuites tests="1" failures="0" disabled="0" errors="0" time="0.009" timestamp="2021-11-21T00:01:15.376" name="AllTests">
  <testsuite name="GAMEOBJECT" tests="1" failures="0" disabled="0" skipped="0" errors="0" time="0.004" timestamp="2021-11-21T00:01:15.379">
    <testcase name="AddChildrenShouldTransformChildrenPositionRelativeToParent" status="run" result="completed" time="0" timestamp="2021-11-21T00:01:15.381" classname="GAMEOBJECT" />
  </testsuite>
</testsuites>
